[0m[[0m[0mdebug[0m] [0m[0m> Exec(all {file:/Users/sgolla/Documents/Work/UniversityCourse/}root/products {file:/Users/sgolla/Documents/Work/UniversityCourse/}root/test:products, None, None)[0m
[0m[[0m[0mdebug[0m] [0m[0mEvaluating tasks: Compile / products, Test / products[0m
[0m[[0m[0mdebug[0m] [0m[0mRunning task... Cancel: Signal, check cycles: false, forcegc: true[0m
[0m[[0m[0minfo[0m] [0m[0mcompiling 2 Scala sources to /Users/sgolla/Documents/Work/UniversityCourse/target/scala-2.13/classes ...[0m
[0m[[0m[31merror[0m] [0m[0m/Users/sgolla/Documents/Work/UniversityCourse/src/main/scala/controllers/UniversityCourseController.scala:7:11: object circe is not a member of package io[0m
[0m[[0m[31merror[0m] [0m[0mimport io.circe.generic.auto._[0m
[0m[[0m[31merror[0m] [0m[0m          ^[0m
[0m[[0m[31merror[0m] [0m[0m/Users/sgolla/Documents/Work/UniversityCourse/src/main/scala/controllers/UniversityCourseController.scala:8:11: object circe is not a member of package io[0m
[0m[[0m[31merror[0m] [0m[0mimport io.circe.syntax._[0m
[0m[[0m[31merror[0m] [0m[0m          ^[0m
[0m[[0m[31merror[0m] [0m[0m/Users/sgolla/Documents/Work/UniversityCourse/src/main/scala/controllers/UniversityCourseController.scala:9:12: object http4s is not a member of package org[0m
[0m[[0m[31merror[0m] [0m[0mimport org.http4s._[0m
[0m[[0m[31merror[0m] [0m[0m           ^[0m
[0m[[0m[31merror[0m] [0m[0m/Users/sgolla/Documents/Work/UniversityCourse/src/main/scala/controllers/UniversityCourseController.scala:10:12: object http4s is not a member of package org[0m
[0m[[0m[31merror[0m] [0m[0mimport org.http4s.circe._[0m
[0m[[0m[31merror[0m] [0m[0m           ^[0m
[0m[[0m[31merror[0m] [0m[0m/Users/sgolla/Documents/Work/UniversityCourse/src/main/scala/controllers/UniversityCourseController.scala:11:12: object http4s is not a member of package org[0m
[0m[[0m[31merror[0m] [0m[0mimport org.http4s.dsl._[0m
[0m[[0m[31merror[0m] [0m[0m           ^[0m
[0m[[0m[31merror[0m] [0m[0m/Users/sgolla/Documents/Work/UniversityCourse/src/main/scala/controllers/UniversityCourseController.scala:12:12: object http4s is not a member of package org[0m
[0m[[0m[31merror[0m] [0m[0mimport org.http4s.dsl.impl._[0m
[0m[[0m[31merror[0m] [0m[0m           ^[0m
[0m[[0m[31merror[0m] [0m[0m/Users/sgolla/Documents/Work/UniversityCourse/src/main/scala/controllers/UniversityCourseController.scala:13:12: object http4s is not a member of package org[0m
[0m[[0m[31merror[0m] [0m[0mimport org.http4s.headers._[0m
[0m[[0m[31merror[0m] [0m[0m           ^[0m
[0m[[0m[31merror[0m] [0m[0m/Users/sgolla/Documents/Work/UniversityCourse/src/main/scala/controllers/UniversityCourseController.scala:14:12: object http4s is not a member of package org[0m
[0m[[0m[31merror[0m] [0m[0mimport org.http4s.implicits._[0m
[0m[[0m[31merror[0m] [0m[0m           ^[0m
[0m[[0m[31merror[0m] [0m[0m/Users/sgolla/Documents/Work/UniversityCourse/src/main/scala/controllers/UniversityCourseController.scala:15:12: object http4s is not a member of package org[0m
[0m[[0m[31merror[0m] [0m[0mimport org.http4s.server._[0m
[0m[[0m[31merror[0m] [0m[0m           ^[0m
[0m[[0m[31merror[0m] [0m[0m/Users/sgolla/Documents/Work/UniversityCourse/src/main/scala/controllers/UniversityCourseController.scala:16:12: object http4s is not a member of package org[0m
[0m[[0m[31merror[0m] [0m[0mimport org.http4s.server.blaze.BlazeServerBuilder[0m
[0m[[0m[31merror[0m] [0m[0m           ^[0m
[0m[[0m[31merror[0m] [0m[0m/Users/sgolla/Documents/Work/UniversityCourse/src/main/scala/controllers/UniversityCourseController.scala:41:39: not found: type HttpRoutes[0m
[0m[[0m[31merror[0m] [0m[0m  def universityRoutes[F[_] :Monad] : HttpRoutes[F] ={[0m
[0m[[0m[31merror[0m] [0m[0m                                      ^[0m
[0m[[0m[31merror[0m] [0m[0m/Users/sgolla/Documents/Work/UniversityCourse/src/main/scala/controllers/UniversityCourseController.scala:42:15: not found: value Http4sDsl[0m
[0m[[0m[31merror[0m] [0m[0m    val dsl = Http4sDsl[F][0m
[0m[[0m[31merror[0m] [0m[0m              ^[0m
[0m[[0m[31merror[0m] [0m[0m/Users/sgolla/Documents/Work/UniversityCourse/src/main/scala/controllers/UniversityCourseController.scala:45:5: not found: value HttpRoutes[0m
[0m[[0m[31merror[0m] [0m[0m    HttpRoutes.of[F]{[0m
[0m[[0m[31merror[0m] [0m[0m    ^[0m
[0m[[0m[31merror[0m] [0m[0m/Users/sgolla/Documents/Work/UniversityCourse/src/main/scala/controllers/UniversityCourseController.scala:47:12: not found: value GET[0m
[0m[[0m[31merror[0m] [0m[0mIdentifiers that begin with uppercase are not pattern variables but match the value in scope.[0m
[0m[[0m[31merror[0m] [0m[0m      case GET -> Root / "student" / "all" =>[0m
[0m[[0m[31merror[0m] [0m[0m           ^[0m
[0m[[0m[31merror[0m] [0m[0m/Users/sgolla/Documents/Work/UniversityCourse/src/main/scala/controllers/UniversityCourseController.scala:47:36: not found: value /[0m
[0m[[0m[31merror[0m] [0m[0m      case GET -> Root / "student" / "all" =>[0m
[0m[[0m[31merror[0m] [0m[0m                                   ^[0m
[0m[[0m[31merror[0m] [0m[0m/Users/sgolla/Documents/Work/UniversityCourse/src/main/scala/controllers/UniversityCourseController.scala:47:24: not found: value /[0m
[0m[[0m[31merror[0m] [0m[0m      case GET -> Root / "student" / "all" =>[0m
[0m[[0m[31merror[0m] [0m[0m                       ^[0m
[0m[[0m[31merror[0m] [0m[0m/Users/sgolla/Documents/Work/UniversityCourse/src/main/scala/controllers/UniversityCourseController.scala:47:19: not found: value Root[0m
[0m[[0m[31merror[0m] [0m[0m      case GET -> Root / "student" / "all" =>[0m
[0m[[0m[31merror[0m] [0m[0m                  ^[0m
[0m[[0m[31merror[0m] [0m[0m/Users/sgolla/Documents/Work/UniversityCourse/src/main/scala/controllers/UniversityCourseController.scala:49:9: not found: value Ok[0m
[0m[[0m[31merror[0m] [0m[0m        Ok(studentDetails.asJson)[0m
[0m[[0m[31merror[0m] [0m[0m        ^[0m
[0m[[0m[31merror[0m] [0m[0m/Users/sgolla/Documents/Work/UniversityCourse/src/main/scala/controllers/UniversityCourseController.scala:49:27: value asJson is not a member of List[entities.Student][0m
[0m[[0m[31merror[0m] [0m[0m        Ok(studentDetails.asJson)[0m
[0m[[0m[31merror[0m] [0m[0m                          ^[0m
[0m[[0m[31merror[0m] [0m[0m/Users/sgolla/Documents/Work/UniversityCourse/src/main/scala/controllers/UniversityCourseController.scala:57:37: not found: value :?[0m
[0m[[0m[31merror[0m] [0m[0m      case POST -> Root / "student" :? StudentNameQueryParamMatcher(studentName) =>[0m
[0m[[0m[31merror[0m] [0m[0m                                    ^[0m
[0m[[0m[31merror[0m] [0m[0m/Users/sgolla/Documents/Work/UniversityCourse/src/main/scala/controllers/UniversityCourseController.scala:57:12: not found: value POST[0m
[0m[[0m[31merror[0m] [0m[0mIdentifiers that begin with uppercase are not pattern variables but match the value in scope.[0m
[0m[[0m[31merror[0m] [0m[0m      case POST -> Root / "student" :? StudentNameQueryParamMatcher(studentName) =>[0m
[0m[[0m[31merror[0m] [0m[0m           ^[0m
[0m[[0m[31merror[0m] [0m[0m/Users/sgolla/Documents/Work/UniversityCourse/src/main/scala/controllers/UniversityCourseController.scala:57:25: not found: value /[0m
[0m[[0m[31merror[0m] [0m[0m      case POST -> Root / "student" :? StudentNameQueryParamMatcher(studentName) =>[0m
[0m[[0m[31merror[0m] [0m[0m                        ^[0m
[0m[[0m[31merror[0m] [0m[0m/Users/sgolla/Documents/Work/UniversityCourse/src/main/scala/controllers/UniversityCourseController.scala:57:20: not found: value Root[0m
[0m[[0m[31merror[0m] [0m[0m      case POST -> Root / "student" :? StudentNameQueryParamMatcher(studentName) =>[0m
[0m[[0m[31merror[0m] [0m[0m                   ^[0m
[0m[[0m[31merror[0m] [0m[0m/Users/sgolla/Documents/Work/UniversityCourse/src/main/scala/controllers/UniversityCourseController.scala:77:47: not found: type QueryParamDecoderMatcher[0m
[0m[[0m[31merror[0m] [0m[0m  object StudentNameQueryParamMatcher extends QueryParamDecoderMatcher[String]("studentName")[0m
[0m[[0m[31merror[0m] [0m[0m                                              ^[0m
[0m[[0m[31merror[0m] [0m[0m/Users/sgolla/Documents/Work/UniversityCourse/src/main/scala/controllers/UniversityCourseController.scala:57:40: object StudentNameQueryParamMatcher is not a case class, nor does it have a valid unapply/unapplySeq member[0m
[0m[[0m[31merror[0m] [0m[0m      case POST -> Root / "student" :? StudentNameQueryParamMatcher(studentName) =>[0m
[0m[[0m[31merror[0m] [0m[0m                                       ^[0m
[0m[[0m[31merror[0m] [0m[0m/Users/sgolla/Documents/Work/UniversityCourse/src/main/scala/controllers/UniversityCourseController.scala:58:13: not found: value Ok[0m
[0m[[0m[31merror[0m] [0m[0m            Ok(UniversityCourseDao.saveStudent(studentName).asJson)[0m
[0m[[0m[31merror[0m] [0m[0m            ^[0m
[0m[[0m[31merror[0m] [0m[0m/Users/sgolla/Documents/Work/UniversityCourse/src/main/scala/controllers/UniversityCourseController.scala:58:61: value asJson is not a member of Int[0m
[0m[[0m[31merror[0m] [0m[0m            Ok(UniversityCourseDao.saveStudent(studentName).asJson)[0m
[0m[[0m[31merror[0m] [0m[0m                                                            ^[0m
[0m[[0m[31merror[0m] [0m[0m/Users/sgolla/Documents/Work/UniversityCourse/src/main/scala/controllers/UniversityCourseController.scala:60:12: not found: value GET[0m
[0m[[0m[31merror[0m] [0m[0mIdentifiers that begin with uppercase are not pattern variables but match the value in scope.[0m
[0m[[0m[31merror[0m] [0m[0m      case GET -> Root / "course" / "all" =>[0m
[0m[[0m[31merror[0m] [0m[0m           ^[0m
[0m[[0m[31merror[0m] [0m[0m/Users/sgolla/Documents/Work/UniversityCourse/src/main/scala/controllers/UniversityCourseController.scala:60:35: not found: value /[0m
[0m[[0m[31merror[0m] [0m[0m      case GET -> Root / "course" / "all" =>[0m
[0m[[0m[31merror[0m] [0m[0m                                  ^[0m
[0m[[0m[31merror[0m] [0m[0m/Users/sgolla/Documents/Work/UniversityCourse/src/main/scala/controllers/UniversityCourseController.scala:60:24: not found: value /[0m
[0m[[0m[31merror[0m] [0m[0m      case GET -> Root / "course" / "all" =>[0m
[0m[[0m[31merror[0m] [0m[0m                       ^[0m
[0m[[0m[31merror[0m] [0m[0m/Users/sgolla/Documents/Work/UniversityCourse/src/main/scala/controllers/UniversityCourseController.scala:60:19: not found: value Root[0m
[0m[[0m[31merror[0m] [0m[0m      case GET -> Root / "course" / "all" =>[0m
[0m[[0m[31merror[0m] [0m[0m                  ^[0m
[0m[[0m[31merror[0m] [0m[0m/Users/sgolla/Documents/Work/UniversityCourse/src/main/scala/controllers/UniversityCourseController.scala:62:9: not found: value Ok[0m
[0m[[0m[31merror[0m] [0m[0m        Ok(courseDetails.asJson)[0m
[0m[[0m[31merror[0m] [0m[0m        ^[0m
[0m[[0m[31merror[0m] [0m[0m/Users/sgolla/Documents/Work/UniversityCourse/src/main/scala/controllers/UniversityCourseController.scala:62:26: value asJson is not a member of List[entities.Course][0m
[0m[[0m[31merror[0m] [0m[0m        Ok(courseDetails.asJson)[0m
[0m[[0m[31merror[0m] [0m[0m                         ^[0m
[0m[[0m[31merror[0m] [0m[0m/Users/sgolla/Documents/Work/UniversityCourse/src/main/scala/controllers/UniversityCourseController.scala:65:36: not found: value :?[0m
[0m[[0m[31merror[0m] [0m[0m      case POST -> Root / "course" :? CourseNameQueryParamMatcher(courseName) =>[0m
[0m[[0m[31merror[0m] [0m[0m                                   ^[0m
[0m[[0m[31merror[0m] [0m[0m/Users/sgolla/Documents/Work/UniversityCourse/src/main/scala/controllers/UniversityCourseController.scala:65:12: not found: value POST[0m
[0m[[0m[31merror[0m] [0m[0mIdentifiers that begin with uppercase are not pattern variables but match the value in scope.[0m
[0m[[0m[31merror[0m] [0m[0m      case POST -> Root / "course" :? CourseNameQueryParamMatcher(courseName) =>[0m
[0m[[0m[31merror[0m] [0m[0m           ^[0m
[0m[[0m[31merror[0m] [0m[0m/Users/sgolla/Documents/Work/UniversityCourse/src/main/scala/controllers/UniversityCourseController.scala:65:25: not found: value /[0m
[0m[[0m[31merror[0m] [0m[0m      case POST -> Root / "course" :? CourseNameQueryParamMatcher(courseName) =>[0m
[0m[[0m[31merror[0m] [0m[0m                        ^[0m
[0m[[0m[31merror[0m] [0m[0m/Users/sgolla/Documents/Work/UniversityCourse/src/main/scala/controllers/UniversityCourseController.scala:65:20: not found: value Root[0m
[0m[[0m[31merror[0m] [0m[0m      case POST -> Root / "course" :? CourseNameQueryParamMatcher(courseName) =>[0m
[0m[[0m[31merror[0m] [0m[0m                   ^[0m
[0m[[0m[31merror[0m] [0m[0m/Users/sgolla/Documents/Work/UniversityCourse/src/main/scala/controllers/UniversityCourseController.scala:78:46: not found: type QueryParamDecoderMatcher[0m
[0m[[0m[31merror[0m] [0m[0m  object CourseNameQueryParamMatcher extends QueryParamDecoderMatcher[String]("courseName")[0m
[0m[[0m[31merror[0m] [0m[0m                                             ^[0m
[0m[[0m[31merror[0m] [0m[0m/Users/sgolla/Documents/Work/UniversityCourse/src/main/scala/controllers/UniversityCourseController.scala:65:39: object CourseNameQueryParamMatcher is not a case class, nor does it have a valid unapply/unapplySeq member[0m
[0m[[0m[31merror[0m] [0m[0m      case POST -> Root / "course" :? CourseNameQueryParamMatcher(courseName) =>[0m
[0m[[0m[31merror[0m] [0m[0m                                      ^[0m
[0m[[0m[31merror[0m] [0m[0m/Users/sgolla/Documents/Work/UniversityCourse/src/main/scala/controllers/UniversityCourseController.scala:66:9: not found: value Ok[0m
[0m[[0m[31merror[0m] [0m[0m        Ok(UniversityCourseDao.saveCourse(courseName).asJson)[0m
[0m[[0m[31merror[0m] [0m[0m        ^[0m
[0m[[0m[31merror[0m] [0m[0m/Users/sgolla/Documents/Work/UniversityCourse/src/main/scala/controllers/UniversityCourseController.scala:66:55: value asJson is not a member of Int[0m
[0m[[0m[31merror[0m] [0m[0m        Ok(UniversityCourseDao.saveCourse(courseName).asJson)[0m
[0m[[0m[31merror[0m] [0m[0m                                                      ^[0m
[0m[[0m[31merror[0m] [0m[0m/Users/sgolla/Documents/Work/UniversityCourse/src/main/scala/controllers/UniversityCourseController.scala:68:38: not found: value :?[0m
[0m[[0m[31merror[0m] [0m[0m      case POST -> Root / "register" :? StudentIdQueryParamMatcher(studentId) +& CourseIdQueryParamMatcher(courseId)   =>[0m
[0m[[0m[31merror[0m] [0m[0m                                     ^[0m
[0m[[0m[31merror[0m] [0m[0m/Users/sgolla/Documents/Work/UniversityCourse/src/main/scala/controllers/UniversityCourseController.scala:68:12: not found: value POST[0m
[0m[[0m[31merror[0m] [0m[0mIdentifiers that begin with uppercase are not pattern variables but match the value in scope.[0m
[0m[[0m[31merror[0m] [0m[0m      case POST -> Root / "register" :? StudentIdQueryParamMatcher(studentId) +& CourseIdQueryParamMatcher(courseId)   =>[0m
[0m[[0m[31merror[0m] [0m[0m           ^[0m
[0m[[0m[31merror[0m] [0m[0m/Users/sgolla/Documents/Work/UniversityCourse/src/main/scala/controllers/UniversityCourseController.scala:68:25: not found: value /[0m
[0m[[0m[31merror[0m] [0m[0m      case POST -> Root / "register" :? StudentIdQueryParamMatcher(studentId) +& CourseIdQueryParamMatcher(courseId)   =>[0m
[0m[[0m[31merror[0m] [0m[0m                        ^[0m
[0m[[0m[31merror[0m] [0m[0m/Users/sgolla/Documents/Work/UniversityCourse/src/main/scala/controllers/UniversityCourseController.scala:68:20: not found: value Root[0m
[0m[[0m[31merror[0m] [0m[0m      case POST -> Root / "register" :? StudentIdQueryParamMatcher(studentId) +& CourseIdQueryParamMatcher(courseId)   =>[0m
[0m[[0m[31merror[0m] [0m[0m                   ^[0m
[0m[[0m[31merror[0m] [0m[0m/Users/sgolla/Documents/Work/UniversityCourse/src/main/scala/controllers/UniversityCourseController.scala:68:79: not found: value +&[0m
[0m[[0m[31merror[0m] [0m[0m      case POST -> Root / "register" :? StudentIdQueryParamMatcher(studentId) +& CourseIdQueryParamMatcher(courseId)   =>[0m
[0m[[0m[31merror[0m] [0m[0m                                                                              ^[0m
[0m[[0m[31merror[0m] [0m[0m/Users/sgolla/Documents/Work/UniversityCourse/src/main/scala/controllers/UniversityCourseController.scala:75:45: not found: type QueryParamDecoderMatcher[0m
[0m[[0m[31merror[0m] [0m[0m  object StudentIdQueryParamMatcher extends QueryParamDecoderMatcher[String]("studentId")[0m
[0m[[0m[31merror[0m] [0m[0m                                            ^[0m
[0m[[0m[31merror[0m] [0m[0m/Users/sgolla/Documents/Work/UniversityCourse/src/main/scala/controllers/UniversityCourseController.scala:68:41: object StudentIdQueryParamMatcher is not a case class, nor does it have a valid unapply/unapplySeq member[0m
[0m[[0m[31merror[0m] [0m[0m      case POST -> Root / "register" :? StudentIdQueryParamMatcher(studentId) +& CourseIdQueryParamMatcher(courseId)   =>[0m
[0m[[0m[31merror[0m] [0m[0m                                        ^[0m
[0m[[0m[31merror[0m] [0m[0m/Users/sgolla/Documents/Work/UniversityCourse/src/main/scala/controllers/UniversityCourseController.scala:76:44: not found: type QueryParamDecoderMatcher[0m
[0m[[0m[31merror[0m] [0m[0m  object CourseIdQueryParamMatcher extends QueryParamDecoderMatcher[String]("courseId")[0m
[0m[[0m[31merror[0m] [0m[0m                                           ^[0m
[0m[[0m[31merror[0m] [0m[0m/Users/sgolla/Documents/Work/UniversityCourse/src/main/scala/controllers/UniversityCourseController.scala:68:82: object CourseIdQueryParamMatcher is not a case class, nor does it have a valid unapply/unapplySeq member[0m
[0m[[0m[31merror[0m] [0m[0m      case POST -> Root / "register" :? StudentIdQueryParamMatcher(studentId) +& CourseIdQueryParamMatcher(courseId)   =>[0m
[0m[[0m[31merror[0m] [0m[0m                                                                                 ^[0m
[0m[[0m[31merror[0m] [0m[0m/Users/sgolla/Documents/Work/UniversityCourse/src/main/scala/controllers/UniversityCourseController.scala:69:9: not found: value Ok[0m
[0m[[0m[31merror[0m] [0m[0m        Ok(UniversityCourseDao.registerForCourse(studentId.toInt,courseId.toInt).asJson)[0m
[0m[[0m[31merror[0m] [0m[0m        ^[0m
[0m[[0m[31merror[0m] [0m[0m/Users/sgolla/Documents/Work/UniversityCourse/src/main/scala/controllers/UniversityCourseController.scala:69:82: value asJson is not a member of cats.effect.IO[Int][0m
[0m[[0m[31merror[0m] [0m[0m        Ok(UniversityCourseDao.registerForCourse(studentId.toInt,courseId.toInt).asJson)[0m
[0m[[0m[31merror[0m] [0m[0m                                                                                 ^[0m
[0m[[0m[31merror[0m] [0m[0m/Users/sgolla/Documents/Work/UniversityCourse/src/main/scala/controllers/UniversityCourseController.scala:75:78: no arguments allowed for nullary constructor Object: (): Object[0m
[0m[[0m[31merror[0m] [0m[0m  object StudentIdQueryParamMatcher extends QueryParamDecoderMatcher[String]("studentId")[0m
[0m[[0m[31merror[0m] [0m[0m                                                                             ^[0m
[0m[[0m[31merror[0m] [0m[0m/Users/sgolla/Documents/Work/UniversityCourse/src/main/scala/controllers/UniversityCourseController.scala:76:77: no arguments allowed for nullary constructor Object: (): Object[0m
[0m[[0m[31merror[0m] [0m[0m  object CourseIdQueryParamMatcher extends QueryParamDecoderMatcher[String]("courseId")[0m
[0m[[0m[31merror[0m] [0m[0m                                                                            ^[0m
[0m[[0m[31merror[0m] [0m[0m/Users/sgolla/Documents/Work/UniversityCourse/src/main/scala/controllers/UniversityCourseController.scala:77:80: no arguments allowed for nullary constructor Object: (): Object[0m
[0m[[0m[31merror[0m] [0m[0m  object StudentNameQueryParamMatcher extends QueryParamDecoderMatcher[String]("studentName")[0m
[0m[[0m[31merror[0m] [0m[0m                                                                               ^[0m
[0m[[0m[31merror[0m] [0m[0m/Users/sgolla/Documents/Work/UniversityCourse/src/main/scala/controllers/UniversityCourseController.scala:78:79: no arguments allowed for nullary constructor Object: (): Object[0m
[0m[[0m[31merror[0m] [0m[0m  object CourseNameQueryParamMatcher extends QueryParamDecoderMatcher[String]("courseName")[0m
[0m[[0m[31merror[0m] [0m[0m                                                                              ^[0m
[0m[[0m[31merror[0m] [0m[0m/Users/sgolla/Documents/Work/UniversityCourse/src/main/scala/controllers/UniversityCourseController.scala:80:33: not found: type HttpRoutes[0m
[0m[[0m[31merror[0m] [0m[0m  def allRoutes[F[_] : Monad] : HttpRoutes[F] =[0m
[0m[[0m[31merror[0m] [0m[0m                                ^[0m
[0m[[0m[31merror[0m] [0m[0m/Users/sgolla/Documents/Work/UniversityCourse/src/main/scala/controllers/UniversityCourseController.scala:83:39: not found: type HttpApp[0m
[0m[[0m[31merror[0m] [0m[0m  def allRoutesComplete[F[_]:Monad] : HttpApp[F] =[0m
[0m[[0m[31merror[0m] [0m[0m                                      ^[0m
[0m[[0m[31merror[0m] [0m[0m/Users/sgolla/Documents/Work/UniversityCourse/src/main/scala/controllers/UniversityCourseController.scala:87:16: not found: value Router[0m
[0m[[0m[31merror[0m] [0m[0m    val apis = Router([0m
[0m[[0m[31merror[0m] [0m[0m               ^[0m
[0m[[0m[31merror[0m] [0m[0m/Users/sgolla/Documents/Work/UniversityCourse/src/main/scala/controllers/UniversityCourseController.scala:91:5: not found: value BlazeServerBuilder[0m
[0m[[0m[31merror[0m] [0m[0m    BlazeServerBuilder[IO](runtime.compute)[0m
[0m[[0m[31merror[0m] [0m[0m    ^[0m
[0m[[0m[31merror[0m] [0m[0m/Users/sgolla/Documents/Work/UniversityCourse/src/main/scala/dao/UniversityCourseDao.scala:93:25: value debug is not a member of Int[0m
[0m[[0m[31merror[0m] [0m[0m    saveStudent("Modi").debug.as(ExitCode.Success)[0m
[0m[[0m[31merror[0m] [0m[0m                        ^[0m
[0m[[0m[31merror[0m] [0m[0m61 errors found[0m
[0m[[0m[0mdebug[0m] [0m[0mForcing garbage collection...[0m
[0m[[0m[31merror[0m] [0m[0m(Compile / [31mcompileIncremental[0m) Compilation failed[0m
[0m[[0m[31merror[0m] [0m[0mTotal time: 2 s, completed 13-Jul-2022, 12:04:15 AM[0m
[0m[[0m[0mdebug[0m] [0m[0m> Exec(idea-shell, None, None)[0m
